{"/Users/acarrasco/Documents/Adan/React/Ex_Files_React_Testing_Debug/Exercise Files/Resources/src/index.js": {"path":"/Users/acarrasco/Documents/Adan/React/Ex_Files_React_Testing_Debug/Exercise Files/Resources/src/index.js","statementMap":{"0":{"start":{"line":1,"column":58},"end":{"line":1,"column":164}}},"fnMap":{},"branchMap":{},"s":{"0":0},"f":{},"b":{}}
,"/Users/acarrasco/Documents/Adan/React/Ex_Files_React_Testing_Debug/Exercise Files/Resources/src/components/App.jsx": {"path":"/Users/acarrasco/Documents/Adan/React/Ex_Files_React_Testing_Debug/Exercise Files/Resources/src/components/App.jsx","statementMap":{"0":{"start":{"line":9,"column":4},"end":{"line":9,"column":17}},"1":{"start":{"line":10,"column":4},"end":{"line":10,"column":29}},"2":{"start":{"line":14,"column":4},"end":{"line":32,"column":6}}},"fnMap":{"0":{"name":"(anonymous_0)","decl":{"start":{"line":8,"column":2},"end":{"line":8,"column":3}},"loc":{"start":{"line":8,"column":21},"end":{"line":11,"column":3}},"line":8},"1":{"name":"(anonymous_1)","decl":{"start":{"line":13,"column":2},"end":{"line":13,"column":3}},"loc":{"start":{"line":13,"column":11},"end":{"line":33,"column":3}},"line":13}},"branchMap":{},"s":{"0":1,"1":1,"2":1},"f":{"0":1,"1":1},"b":{},"_coverageSchema":"332fd63041d2c1bcb487cc26dd0d5f7d97098a6c","hash":"4a64143a62fcebe26908a27ca7476b1fa86c490b"}
,"/Users/acarrasco/Documents/Adan/React/Ex_Files_React_Testing_Debug/Exercise Files/Resources/src/components/listings/Grid.jsx": {"path":"/Users/acarrasco/Documents/Adan/React/Ex_Files_React_Testing_Debug/Exercise Files/Resources/src/components/listings/Grid.jsx","statementMap":{"0":{"start":{"line":6,"column":4},"end":{"line":6,"column":78}},"1":{"start":{"line":6,"column":40},"end":{"line":6,"column":76}},"2":{"start":{"line":10,"column":4},"end":{"line":18,"column":6}}},"fnMap":{"0":{"name":"(anonymous_0)","decl":{"start":{"line":5,"column":2},"end":{"line":5,"column":3}},"loc":{"start":{"line":5,"column":15},"end":{"line":7,"column":3}},"line":5},"1":{"name":"(anonymous_1)","decl":{"start":{"line":6,"column":32},"end":{"line":6,"column":33}},"loc":{"start":{"line":6,"column":40},"end":{"line":6,"column":76}},"line":6},"2":{"name":"(anonymous_2)","decl":{"start":{"line":9,"column":2},"end":{"line":9,"column":3}},"loc":{"start":{"line":9,"column":11},"end":{"line":19,"column":3}},"line":9}},"branchMap":{},"s":{"0":1,"1":12,"2":1},"f":{"0":1,"1":12,"2":1},"b":{},"_coverageSchema":"332fd63041d2c1bcb487cc26dd0d5f7d97098a6c","hash":"1ce7fb8bdd2af38a58543ed1ffec368030c5eec0"}
,"/Users/acarrasco/Documents/Adan/React/Ex_Files_React_Testing_Debug/Exercise Files/Resources/src/components/listings/Single.jsx": {"path":"/Users/acarrasco/Documents/Adan/React/Ex_Files_React_Testing_Debug/Exercise Files/Resources/src/components/listings/Single.jsx","statementMap":{"0":{"start":{"line":3,"column":15},"end":{"line":29,"column":1}},"1":{"start":{"line":4,"column":2},"end":{"line":28,"column":4}}},"fnMap":{"0":{"name":"(anonymous_0)","decl":{"start":{"line":3,"column":15},"end":{"line":3,"column":16}},"loc":{"start":{"line":3,"column":27},"end":{"line":29,"column":1}},"line":3}},"branchMap":{},"s":{"0":1,"1":12},"f":{"0":12},"b":{},"_coverageSchema":"332fd63041d2c1bcb487cc26dd0d5f7d97098a6c","hash":"e9c267e926286d4ed38cb384d52fd3e5ff76e908"}
}
